<html>
<head>
<title>TestNG:  RduCURD</title>
<link href="../testng.css" rel="stylesheet" type="text/css" />
<link href="../my-testng.css" rel="stylesheet" type="text/css" />

<style type="text/css">
.log { display: none;} 
.stack-trace { display: none;} 
</style>
<script type="text/javascript">
<!--
function flip(e) {
  current = e.style.display;
  if (current == 'block') {
    e.style.display = 'none';
    return 0;
  }
  else {
    e.style.display = 'block';
    return 1;
  }
}

function toggleBox(szDivId, elem, msg1, msg2)
{
  var res = -1;  if (document.getElementById) {
    res = flip(document.getElementById(szDivId));
  }
  else if (document.all) {
    // this is the way old msie versions work
    res = flip(document.all[szDivId]);
  }
  if(elem) {
    if(res == 0) elem.innerHTML = msg1; else elem.innerHTML = msg2;
  }

}

function toggleAllBoxes() {
  if (document.getElementsByTagName) {
    d = document.getElementsByTagName('div');
    for (i = 0; i < d.length; i++) {
      if (d[i].className == 'log') {
        flip(d[i]);
      }
    }
  }
}

// -->
</script>

</head>
<body>
<h2 align='center'>RduCURD</h2><table border='1' align="center">
<tr>
<td>Tests passed/Failed/Skipped:</td><td>24/2/0</td>
</tr><tr>
<td>Started on:</td><td>Thu Mar 07 19:27:47 IST 2024</td>
</tr>
<tr><td>Total time:</td><td>11 seconds (11492 ms)</td>
</tr><tr>
<td>Included groups:</td><td></td>
</tr><tr>
<td>Excluded groups:</td><td></td>
</tr>
</table><p/>
<small><i>(Hover the method name to see the test class name)</i></small><p/>
<table width='100%' border='1' class='invocation-failed'>
<tr><td colspan='4' align='center'><b>FAILED TESTS</b></td></tr>
<tr><td><b>Test method</b></td>
<td><b>Attribute(s)</b></td>
<td width="30%"><b>Exception</b></td>
<td width="10%"><b>Time (seconds)</b></td>
<td><b>Instance</b></td>
</tr>
<tr>
<td title='api.test.ServerOperationTest.testgetDPEDetails()'><b>testgetDPEDetails</b><br>Test class: api.test.ServerOperationTest</td>
<td><div><pre>java.lang.AssertionError: expected [200] but found [404]
	at api.test.ServerOperationTest.testgetDPEDetails(ServerOperationTest.java:144)
	at java.base/java.util.ArrayList.forEach(ArrayList.java:1596)
... Removed 32 stack frames</pre></div><a href='#' onClick='toggleBox("stack-trace1662235713", this, "Click to show all stack frames", "Click to hide stack frames")'>Click to show all stack frames</a>
<div class='stack-trace' id='stack-trace1662235713'><pre>java.lang.AssertionError: expected [200] but found [404]
	at org.testng.Assert.fail(Assert.java:111)
	at org.testng.Assert.failNotEquals(Assert.java:1578)
	at org.testng.Assert.assertEqualsImpl(Assert.java:150)
	at org.testng.Assert.assertEquals(Assert.java:132)
	at org.testng.Assert.assertEquals(Assert.java:1419)
	at org.testng.Assert.assertEquals(Assert.java:1383)
	at org.testng.Assert.assertEquals(Assert.java:1429)
	at api.test.ServerOperationTest.testgetDPEDetails(ServerOperationTest.java:144)
	at java.base/jdk.internal.reflect.DirectMethodHandleAccessor.invoke(DirectMethodHandleAccessor.java:103)
	at java.base/java.lang.reflect.Method.invoke(Method.java:580)
	at org.testng.internal.invokers.MethodInvocationHelper.invokeMethod(MethodInvocationHelper.java:139)
	at org.testng.internal.invokers.TestInvoker.invokeMethod(TestInvoker.java:664)
	at org.testng.internal.invokers.TestInvoker.invokeTestMethod(TestInvoker.java:228)
	at org.testng.internal.invokers.MethodRunner.runInSequence(MethodRunner.java:63)
	at org.testng.internal.invokers.TestInvoker$MethodInvocationAgent.invoke(TestInvoker.java:961)
	at org.testng.internal.invokers.TestInvoker.invokeTestMethods(TestInvoker.java:201)
	at org.testng.internal.invokers.TestMethodWorker.invokeTestMethods(TestMethodWorker.java:148)
	at org.testng.internal.invokers.TestMethodWorker.run(TestMethodWorker.java:128)
	at java.base/java.util.ArrayList.forEach(ArrayList.java:1596)
	at org.testng.TestRunner.privateRun(TestRunner.java:819)
	at org.testng.TestRunner.run(TestRunner.java:619)
	at org.testng.SuiteRunner.runTest(SuiteRunner.java:443)
	at org.testng.SuiteRunner.runSequentially(SuiteRunner.java:437)
	at org.testng.SuiteRunner.privateRun(SuiteRunner.java:397)
	at org.testng.SuiteRunner.run(SuiteRunner.java:336)
	at org.testng.SuiteRunnerWorker.runSuite(SuiteRunnerWorker.java:52)
	at org.testng.SuiteRunnerWorker.run(SuiteRunnerWorker.java:95)
	at org.testng.TestNG.runSuitesSequentially(TestNG.java:1301)
	at org.testng.TestNG.runSuitesLocally(TestNG.java:1228)
	at org.testng.TestNG.runSuites(TestNG.java:1134)
	at org.testng.TestNG.run(TestNG.java:1101)
	at org.testng.remote.AbstractRemoteTestNG.run(AbstractRemoteTestNG.java:115)
	at org.testng.remote.RemoteTestNG.initAndRun(RemoteTestNG.java:251)
	at org.testng.remote.RemoteTestNG.main(RemoteTestNG.java:77)
</pre></div></td>
<td>0</td>
<td>api.test.ServerOperationTest@503d687a</td></tr>
<tr>
<td title='api.test.ServerOperationTest.testgetDPEDefaults()'><b>testgetDPEDefaults</b><br>Test class: api.test.ServerOperationTest</td>
<td><div><pre>java.lang.AssertionError: expected [200] but found [404]
	at api.test.ServerOperationTest.testgetDPEDefaults(ServerOperationTest.java:132)
	at java.base/java.util.ArrayList.forEach(ArrayList.java:1596)
... Removed 32 stack frames</pre></div><a href='#' onClick='toggleBox("stack-trace773865813", this, "Click to show all stack frames", "Click to hide stack frames")'>Click to show all stack frames</a>
<div class='stack-trace' id='stack-trace773865813'><pre>java.lang.AssertionError: expected [200] but found [404]
	at org.testng.Assert.fail(Assert.java:111)
	at org.testng.Assert.failNotEquals(Assert.java:1578)
	at org.testng.Assert.assertEqualsImpl(Assert.java:150)
	at org.testng.Assert.assertEquals(Assert.java:132)
	at org.testng.Assert.assertEquals(Assert.java:1419)
	at org.testng.Assert.assertEquals(Assert.java:1383)
	at org.testng.Assert.assertEquals(Assert.java:1429)
	at api.test.ServerOperationTest.testgetDPEDefaults(ServerOperationTest.java:132)
	at java.base/jdk.internal.reflect.DirectMethodHandleAccessor.invoke(DirectMethodHandleAccessor.java:103)
	at java.base/java.lang.reflect.Method.invoke(Method.java:580)
	at org.testng.internal.invokers.MethodInvocationHelper.invokeMethod(MethodInvocationHelper.java:139)
	at org.testng.internal.invokers.TestInvoker.invokeMethod(TestInvoker.java:664)
	at org.testng.internal.invokers.TestInvoker.invokeTestMethod(TestInvoker.java:228)
	at org.testng.internal.invokers.MethodRunner.runInSequence(MethodRunner.java:63)
	at org.testng.internal.invokers.TestInvoker$MethodInvocationAgent.invoke(TestInvoker.java:961)
	at org.testng.internal.invokers.TestInvoker.invokeTestMethods(TestInvoker.java:201)
	at org.testng.internal.invokers.TestMethodWorker.invokeTestMethods(TestMethodWorker.java:148)
	at org.testng.internal.invokers.TestMethodWorker.run(TestMethodWorker.java:128)
	at java.base/java.util.ArrayList.forEach(ArrayList.java:1596)
	at org.testng.TestRunner.privateRun(TestRunner.java:819)
	at org.testng.TestRunner.run(TestRunner.java:619)
	at org.testng.SuiteRunner.runTest(SuiteRunner.java:443)
	at org.testng.SuiteRunner.runSequentially(SuiteRunner.java:437)
	at org.testng.SuiteRunner.privateRun(SuiteRunner.java:397)
	at org.testng.SuiteRunner.run(SuiteRunner.java:336)
	at org.testng.SuiteRunnerWorker.runSuite(SuiteRunnerWorker.java:52)
	at org.testng.SuiteRunnerWorker.run(SuiteRunnerWorker.java:95)
	at org.testng.TestNG.runSuitesSequentially(TestNG.java:1301)
	at org.testng.TestNG.runSuitesLocally(TestNG.java:1228)
	at org.testng.TestNG.runSuites(TestNG.java:1134)
	at org.testng.TestNG.run(TestNG.java:1101)
	at org.testng.remote.AbstractRemoteTestNG.run(AbstractRemoteTestNG.java:115)
	at org.testng.remote.RemoteTestNG.initAndRun(RemoteTestNG.java:251)
	at org.testng.remote.RemoteTestNG.main(RemoteTestNG.java:77)
</pre></div></td>
<td>0</td>
<td>api.test.ServerOperationTest@503d687a</td></tr>
</table><p>
<table width='100%' border='1' class='invocation-passed'>
<tr><td colspan='4' align='center'><b>PASSED TESTS</b></td></tr>
<tr><td><b>Test method</b></td>
<td><b>Attribute(s)</b></td>
<td width="30%"><b>Exception</b></td>
<td width="10%"><b>Time (seconds)</b></td>
<td><b>Instance</b></td>
</tr>
<tr>
<td title='api.test.ServerOperationTest.testgetExtenPointSettings()'><b>testgetExtenPointSettings</b><br>Test class: api.test.ServerOperationTest</td>
<td></td>
<td>0</td>
<td>api.test.ServerOperationTest@503d687a</td></tr>
<tr>
<td title='api.test.SearchTest.testCOSSearch()'><b>testCOSSearch</b><br>Test class: api.test.SearchTest</td>
<td></td>
<td>0</td>
<td>api.test.SearchTest@6a370f4</td></tr>
<tr>
<td title='api.test.ServerOperationTest.testCreateSession()'><b>testCreateSession</b><br>Test class: api.test.ServerOperationTest</td>
<td></td>
<td>0</td>
<td>api.test.ServerOperationTest@503d687a</td></tr>
<tr>
<td title='api.test.ServerOperationTest.testgetDefaults()'><b>testgetDefaults</b><br>Test class: api.test.ServerOperationTest</td>
<td></td>
<td>0</td>
<td>api.test.ServerOperationTest@503d687a</td></tr>
<tr>
<td title='api.test.COSTest.testAddCOS()'><b>testAddCOS</b><br>Test class: api.test.COSTest</td>
<td></td>
<td>0</td>
<td>api.test.COSTest@62e7f11d</td></tr>
<tr>
<td title='api.test.ServerOperationTest.testGetAllCnrs()'><b>testGetAllCnrs</b><br>Test class: api.test.ServerOperationTest</td>
<td></td>
<td>0</td>
<td>api.test.ServerOperationTest@503d687a</td></tr>
<tr>
<td title='api.test.ServerOperationTest.testchangeDetafuls()'><b>testchangeDetafuls</b><br>Test class: api.test.ServerOperationTest</td>
<td></td>
<td>0</td>
<td>api.test.ServerOperationTest@503d687a</td></tr>
<tr>
<td title='api.test.SearchTest.testDhcpSearch()'><b>testDhcpSearch</b><br>Test class: api.test.SearchTest</td>
<td></td>
<td>0</td>
<td>api.test.SearchTest@6a370f4</td></tr>
<tr>
<td title='api.test.SearchTest.testSearchDevices()'><b>testSearchDevices</b><br>Test class: api.test.SearchTest</td>
<td></td>
<td>0</td>
<td>api.test.SearchTest@6a370f4</td></tr>
<tr>
<td title='api.test.COSTest.testCreateSession()'><b>testCreateSession</b><br>Test class: api.test.COSTest</td>
<td></td>
<td>0</td>
<td>api.test.COSTest@62e7f11d</td></tr>
<tr>
<td title='api.test.SearchTest.testFileSearch()'><b>testFileSearch</b><br>Test class: api.test.SearchTest</td>
<td></td>
<td>0</td>
<td>api.test.SearchTest@6a370f4</td></tr>
<tr>
<td title='api.test.ServerOperationTest.testgetCNRDetails()'><b>testgetCNRDetails</b><br>Test class: api.test.ServerOperationTest</td>
<td></td>
<td>0</td>
<td>api.test.ServerOperationTest@503d687a</td></tr>
<tr>
<td title='api.test.RestPWSTest.testUpdateRdu()'><b>testUpdateRdu</b><br>Test class: api.test.RestPWSTest</td>
<td></td>
<td>0</td>
<td>api.test.RestPWSTest@3315d2d7</td></tr>
<tr>
<td title='api.test.ServerOperationTest.testchangeRDUDetafuls()'><b>testchangeRDUDetafuls</b><br>Test class: api.test.ServerOperationTest</td>
<td></td>
<td>0</td>
<td>api.test.ServerOperationTest@503d687a</td></tr>
<tr>
<td title='api.test.ServerOperationTest.testGetAllDpes()'><b>testGetAllDpes</b><br>Test class: api.test.ServerOperationTest</td>
<td></td>
<td>0</td>
<td>api.test.ServerOperationTest@503d687a</td></tr>
<tr>
<td title='api.test.ServerOperationTest.testgetAllProvGrps()'><b>testgetAllProvGrps</b><br>Test class: api.test.ServerOperationTest</td>
<td></td>
<td>0</td>
<td>api.test.ServerOperationTest@503d687a</td></tr>
<tr>
<td title='api.test.COSTest.testDeleteCOS()'><b>testDeleteCOS</b><br>Test class: api.test.COSTest</td>
<td></td>
<td>0</td>
<td>api.test.COSTest@62e7f11d</td></tr>
<tr>
<td title='api.test.COSTest.testUpdateCOS()'><b>testUpdateCOS</b><br>Test class: api.test.COSTest</td>
<td></td>
<td>0</td>
<td>api.test.COSTest@62e7f11d</td></tr>
<tr>
<td title='api.test.COSTest.testGetCOS()'><b>testGetCOS</b><br>Test class: api.test.COSTest</td>
<td></td>
<td>0</td>
<td>api.test.COSTest@62e7f11d</td></tr>
<tr>
<td title='api.test.RestPWSTest.testDeleteRdu()'><b>testDeleteRdu</b><br>Test class: api.test.RestPWSTest</td>
<td></td>
<td>0</td>
<td>api.test.RestPWSTest@3315d2d7</td></tr>
<tr>
<td title='api.test.RestPWSTest.testGetRdu()'><b>testGetRdu</b><br>Test class: api.test.RestPWSTest</td>
<td></td>
<td>0</td>
<td>api.test.RestPWSTest@3315d2d7</td></tr>
<tr>
<td title='api.test.RestPWSTest.testAddRdu()'><b>testAddRdu</b><br>Test class: api.test.RestPWSTest</td>
<td></td>
<td>2</td>
<td>api.test.RestPWSTest@3315d2d7</td></tr>
<tr>
<td title='api.test.SearchTest.testCreateSession()'><b>testCreateSession</b><br>Test class: api.test.SearchTest</td>
<td></td>
<td>0</td>
<td>api.test.SearchTest@6a370f4</td></tr>
<tr>
<td title='api.test.SearchTest.testGroupSearch()'><b>testGroupSearch</b><br>Test class: api.test.SearchTest</td>
<td></td>
<td>0</td>
<td>api.test.SearchTest@6a370f4</td></tr>
</table><p>
</body>
</html>